2014/02/22 22:53:03 [error] [exception.CHttpException.404] exception 'CHttpException' with message 'Unable to resolve the request "user/login".' in /home/yht/github/stats-b2b-web-id/yii-1.1.14.f0fee9/framework/web/CWebApplication.php:286
Stack trace:
#0 /home/yht/github/stats-b2b-web-id/yii-1.1.14.f0fee9/framework/web/CWebApplication.php(141): CWebApplication->runController('user/login')
#1 /home/yht/github/stats-b2b-web-id/yii-1.1.14.f0fee9/framework/base/CApplication.php(180): CWebApplication->processRequest()
#2 /home/yht/github/stats-b2b-web-id/htdocs/index.php(13): CApplication->run()
#3 {main}
REQUEST_URI=/stats/index.php?r=user/login
HTTP_REFERER=http://localhost/stats/index.php
---
2014/02/22 22:53:52 [error] [php] include(WebUser.php): failed to open stream: No such file or directory (/home/yht/github/stats-b2b-web-id/yii-1.1.14.f0fee9/framework/YiiBase.php:427)
Stack trace:
#0 /home/yht/github/stats-b2b-web-id/yii-1.1.14.f0fee9/framework/YiiBase.php(196): import()
#1 /home/yht/github/stats-b2b-web-id/yii-1.1.14.f0fee9/framework/base/CModule.php(386): createComponent()
#2 /home/yht/github/stats-b2b-web-id/yii-1.1.14.f0fee9/framework/base/CModule.php(103): CWebApplication->getComponent()
#3 /home/yht/github/stats-b2b-web-id/htdocs/protected/views/layouts/main.php(35): CWebApplication->__get()
#4 /home/yht/github/stats-b2b-web-id/yii-1.1.14.f0fee9/framework/web/CBaseController.php(126): require()
#5 /home/yht/github/stats-b2b-web-id/yii-1.1.14.f0fee9/framework/web/CBaseController.php(95): SiteController->renderInternal()
#6 /home/yht/github/stats-b2b-web-id/yii-1.1.14.f0fee9/framework/web/widgets/CContentDecorator.php(76): SiteController->renderFile()
#7 /home/yht/github/stats-b2b-web-id/yii-1.1.14.f0fee9/framework/web/widgets/CContentDecorator.php(54): CContentDecorator->decorate()
#8 /home/yht/github/stats-b2b-web-id/yii-1.1.14.f0fee9/framework/web/widgets/COutputProcessor.php(44): CContentDecorator->processOutput()
#9 /home/yht/github/stats-b2b-web-id/yii-1.1.14.f0fee9/framework/web/CBaseController.php(206): CContentDecorator->run()
#10 /home/yht/github/stats-b2b-web-id/yii-1.1.14.f0fee9/framework/web/CBaseController.php(300): SiteController->endWidget()
#11 /home/yht/github/stats-b2b-web-id/htdocs/protected/views/layouts/column1.php(6): SiteController->endContent()
#12 /home/yht/github/stats-b2b-web-id/yii-1.1.14.f0fee9/framework/web/CBaseController.php(126): require()
#13 /home/yht/github/stats-b2b-web-id/yii-1.1.14.f0fee9/framework/web/CBaseController.php(95): SiteController->renderInternal()
#14 /home/yht/github/stats-b2b-web-id/yii-1.1.14.f0fee9/framework/web/CController.php(784): SiteController->renderFile()
#15 /home/yht/github/stats-b2b-web-id/htdocs/protected/controllers/SiteController.php(32): SiteController->render()
#16 /home/yht/github/stats-b2b-web-id/yii-1.1.14.f0fee9/framework/web/actions/CInlineAction.php(49): SiteController->actionIndex()
#17 /home/yht/github/stats-b2b-web-id/yii-1.1.14.f0fee9/framework/web/CController.php(308): CInlineAction->runWithParams()
#18 /home/yht/github/stats-b2b-web-id/yii-1.1.14.f0fee9/framework/web/CController.php(286): SiteController->runAction()
#19 /home/yht/github/stats-b2b-web-id/yii-1.1.14.f0fee9/framework/web/CController.php(265): SiteController->runActionWithFilters()
#20 /home/yht/github/stats-b2b-web-id/yii-1.1.14.f0fee9/framework/web/CWebApplication.php(282): SiteController->run()
#21 /home/yht/github/stats-b2b-web-id/yii-1.1.14.f0fee9/framework/web/CWebApplication.php(141): CWebApplication->runController()
#22 /home/yht/github/stats-b2b-web-id/yii-1.1.14.f0fee9/framework/base/CApplication.php(180): CWebApplication->processRequest()
#23 /home/yht/github/stats-b2b-web-id/htdocs/index.php(13): CWebApplication->run()
REQUEST_URI=/stats/index.php
in /home/yht/github/stats-b2b-web-id/htdocs/protected/views/layouts/main.php (35)
in /home/yht/github/stats-b2b-web-id/htdocs/protected/views/layouts/column1.php (6)
in /home/yht/github/stats-b2b-web-id/htdocs/protected/controllers/SiteController.php (32)
2014/02/22 22:53:59 [error] [php] include(WebUser.php): failed to open stream: No such file or directory (/home/yht/github/stats-b2b-web-id/yii-1.1.14.f0fee9/framework/YiiBase.php:427)
Stack trace:
#0 /home/yht/github/stats-b2b-web-id/yii-1.1.14.f0fee9/framework/YiiBase.php(196): import()
#1 /home/yht/github/stats-b2b-web-id/yii-1.1.14.f0fee9/framework/base/CModule.php(386): createComponent()
#2 /home/yht/github/stats-b2b-web-id/yii-1.1.14.f0fee9/framework/base/CModule.php(103): CWebApplication->getComponent()
#3 /home/yht/github/stats-b2b-web-id/htdocs/protected/views/layouts/main.php(35): CWebApplication->__get()
#4 /home/yht/github/stats-b2b-web-id/yii-1.1.14.f0fee9/framework/web/CBaseController.php(126): require()
#5 /home/yht/github/stats-b2b-web-id/yii-1.1.14.f0fee9/framework/web/CBaseController.php(95): SiteController->renderInternal()
#6 /home/yht/github/stats-b2b-web-id/yii-1.1.14.f0fee9/framework/web/widgets/CContentDecorator.php(76): SiteController->renderFile()
#7 /home/yht/github/stats-b2b-web-id/yii-1.1.14.f0fee9/framework/web/widgets/CContentDecorator.php(54): CContentDecorator->decorate()
#8 /home/yht/github/stats-b2b-web-id/yii-1.1.14.f0fee9/framework/web/widgets/COutputProcessor.php(44): CContentDecorator->processOutput()
#9 /home/yht/github/stats-b2b-web-id/yii-1.1.14.f0fee9/framework/web/CBaseController.php(206): CContentDecorator->run()
#10 /home/yht/github/stats-b2b-web-id/yii-1.1.14.f0fee9/framework/web/CBaseController.php(300): SiteController->endWidget()
#11 /home/yht/github/stats-b2b-web-id/htdocs/protected/views/layouts/column1.php(6): SiteController->endContent()
#12 /home/yht/github/stats-b2b-web-id/yii-1.1.14.f0fee9/framework/web/CBaseController.php(126): require()
#13 /home/yht/github/stats-b2b-web-id/yii-1.1.14.f0fee9/framework/web/CBaseController.php(95): SiteController->renderInternal()
#14 /home/yht/github/stats-b2b-web-id/yii-1.1.14.f0fee9/framework/web/CController.php(784): SiteController->renderFile()
#15 /home/yht/github/stats-b2b-web-id/htdocs/protected/controllers/SiteController.php(32): SiteController->render()
#16 /home/yht/github/stats-b2b-web-id/yii-1.1.14.f0fee9/framework/web/actions/CInlineAction.php(49): SiteController->actionIndex()
#17 /home/yht/github/stats-b2b-web-id/yii-1.1.14.f0fee9/framework/web/CController.php(308): CInlineAction->runWithParams()
#18 /home/yht/github/stats-b2b-web-id/yii-1.1.14.f0fee9/framework/web/CController.php(286): SiteController->runAction()
#19 /home/yht/github/stats-b2b-web-id/yii-1.1.14.f0fee9/framework/web/CController.php(265): SiteController->runActionWithFilters()
#20 /home/yht/github/stats-b2b-web-id/yii-1.1.14.f0fee9/framework/web/CWebApplication.php(282): SiteController->run()
#21 /home/yht/github/stats-b2b-web-id/yii-1.1.14.f0fee9/framework/web/CWebApplication.php(141): CWebApplication->runController()
#22 /home/yht/github/stats-b2b-web-id/yii-1.1.14.f0fee9/framework/base/CApplication.php(180): CWebApplication->processRequest()
#23 /home/yht/github/stats-b2b-web-id/htdocs/index.php(13): CWebApplication->run()
REQUEST_URI=/stats/index.php
in /home/yht/github/stats-b2b-web-id/htdocs/protected/views/layouts/main.php (35)
in /home/yht/github/stats-b2b-web-id/htdocs/protected/views/layouts/column1.php (6)
in /home/yht/github/stats-b2b-web-id/htdocs/protected/controllers/SiteController.php (32)
2014/02/22 22:55:08 [error] [system.db.CDbCommand] CDbCommand::execute() failed: SQLSTATE[HY000]: General error: 14 unable to open database file. The SQL statement executed was: UPDATE 'tbl_users' SET "id"=:yp0, "username"=:yp1, "email"=:yp2, "create_at"=:yp3, "lastvisit_at"=:yp4, "superuser"=:yp5, "status"=:yp6, "password"=:yp7, "activkey"=:yp8 WHERE 'tbl_users'."id"=2.
in /home/yht/github/stats-b2b-web-id/htdocs/protected/modules/user/controllers/LoginController.php (36)
in /home/yht/github/stats-b2b-web-id/htdocs/protected/modules/user/controllers/LoginController.php (20)
in /home/yht/github/stats-b2b-web-id/htdocs/index.php (13)
2014/02/22 22:55:08 [error] [exception.CDbException] exception 'CDbException' with message 'CDbCommand failed to execute the SQL statement: SQLSTATE[HY000]: General error: 14 unable to open database file. The SQL statement executed was: UPDATE 'tbl_users' SET "id"=:yp0, "username"=:yp1, "email"=:yp2, "create_at"=:yp3, "lastvisit_at"=:yp4, "superuser"=:yp5, "status"=:yp6, "password"=:yp7, "activkey"=:yp8 WHERE 'tbl_users'."id"=2' in /home/yht/github/stats-b2b-web-id/yii-1.1.14.f0fee9/framework/db/CDbCommand.php:358
Stack trace:
#0 /home/yht/github/stats-b2b-web-id/yii-1.1.14.f0fee9/framework/db/ar/CActiveRecord.php(1748): CDbCommand->execute()
#1 /home/yht/github/stats-b2b-web-id/yii-1.1.14.f0fee9/framework/db/ar/CActiveRecord.php(1124): CActiveRecord->updateByPk('2', Array)
#2 /home/yht/github/stats-b2b-web-id/yii-1.1.14.f0fee9/framework/db/ar/CActiveRecord.php(806): CActiveRecord->update(NULL)
#3 /home/yht/github/stats-b2b-web-id/htdocs/protected/modules/user/controllers/LoginController.php(36): CActiveRecord->save()
#4 /home/yht/github/stats-b2b-web-id/htdocs/protected/modules/user/controllers/LoginController.php(20): LoginController->lastViset()
#5 /home/yht/github/stats-b2b-web-id/yii-1.1.14.f0fee9/framework/web/actions/CInlineAction.php(49): LoginController->actionLogin()
#6 /home/yht/github/stats-b2b-web-id/yii-1.1.14.f0fee9/framework/web/CController.php(308): CInlineAction->runWithParams(Array)
#7 /home/yht/github/stats-b2b-web-id/yii-1.1.14.f0fee9/framework/web/CController.php(286): CController->runAction(Object(CInlineAction))
#8 /home/yht/github/stats-b2b-web-id/yii-1.1.14.f0fee9/framework/web/CController.php(265): CController->runActionWithFilters(Object(CInlineAction), Array)
#9 /home/yht/github/stats-b2b-web-id/yii-1.1.14.f0fee9/framework/web/CWebApplication.php(282): CController->run('')
#10 /home/yht/github/stats-b2b-web-id/yii-1.1.14.f0fee9/framework/web/CWebApplication.php(141): CWebApplication->runController('user/login')
#11 /home/yht/github/stats-b2b-web-id/yii-1.1.14.f0fee9/framework/base/CApplication.php(180): CWebApplication->processRequest()
#12 /home/yht/github/stats-b2b-web-id/htdocs/index.php(13): CApplication->run()
#13 {main}
REQUEST_URI=/stats/index.php?r=user/login
HTTP_REFERER=http://localhost/stats/index.php?r=user/login
---
